<?xml version="1.0" encoding="UTF-8"?>
<testsuite xmlns:xsi="http://www.w3.org/2001/XMLSchema-instance" xsi:noNamespaceSchemaLocation="https://maven.apache.org/surefire/maven-surefire-plugin/xsd/surefire-test-report.xsd" version="3.0.2" name="com.example.basicCode.BasicCodeApplicationTests" time="2.029" tests="1" errors="0" skipped="0" failures="0">
  <properties>
[...]
</properties>
  <testcase name="contextLoads" classname="com.example.basicCode.BasicCodeApplicationTests" time="0.833">
    <system-out><![CDATA[09:19:05.160 [main] INFO org.springframework.test.context.support.AnnotationConfigContextLoaderUtils -- Could not detect default configuration classes for test class [com.example.basicCode.BasicCodeApplicationTests]: BasicCodeApplicationTests does not declare any static, non-private, non-final, nested classes annotated with @Configuration.
09:19:05.285 [main] INFO org.springframework.boot.test.context.SpringBootTestContextBootstrapper -- Found @SpringBootConfiguration com.example.basicCode.BasicCodeApplication for test class com.example.basicCode.BasicCodeApplicationTests

  .   ____          _            __ _ _
 /\\ / ___'_ __ _ _(_)_ __  __ _ \ \ \ \
( ( )\___ | '_ | '_| | '_ \/ _` | \ \ \ \
 \\/  ___)| |_)| | | | | || (_| |  ) ) ) )
  '  |____| .__|_| |_|_| |_\__, | / / / /
 =========|_|==============|___/=/_/_/_/

 :: Spring Boot ::                (v3.4.4)

2025-04-20T09:19:05.768+05:30  INFO 16300 --- [basicCode] [           main] c.e.basicCode.BasicCodeApplicationTests  : Starting BasicCodeApplicationTests using Java 23.0.2 with PID 16300 (started by Theaj in F:\Spring&SpringBoot\SpringBoot\basicCode)
2025-04-20T09:19:05.770+05:30  INFO 16300 --- [basicCode] [           main] c.e.basicCode.BasicCodeApplicationTests  : No active profile set, falling back to 1 default profile: "default"
2025-04-20T09:19:06.209+05:30  INFO 16300 --- [basicCode] [           main] c.e.basicCode.BasicCodeApplicationTests  : Started BasicCodeApplicationTests in 0.786 seconds (process running for 1.681)
]]></system-out>
    <system-err><![CDATA[Mockito is currently self-attaching to enable the inline-mock-maker. This will no longer work in future releases of the JDK. Please add Mockito as an agent to your build what is described in Mockito's documentation: https://javadoc.io/doc/org.mockito/mockito-core/latest/org/mockito/Mockito.html#0.3
WARNING: A Java agent has been loaded dynamically (C:\Users\Theaj\.m2\repository\net\bytebuddy\byte-buddy-agent\1.15.11\byte-buddy-agent-1.15.11.jar)
WARNING: If a serviceability tool is in use, please run with -XX:+EnableDynamicAgentLoading to hide this warning
WARNING: If a serviceability tool is not in use, please run with -Djdk.instrument.traceUsage for more information
WARNING: Dynamic loading of agents will be disallowed by default in a future release
]]></system-err>
  </testcase>
</testsuite>